[05-Nov-2024 09:46:41 Europe/Stockholm] PHP Deprecated:  trim(): Passing null to parameter #1 ($string) of type string is deprecated in /Users/nik/Sites/dbwebb-kurser/design/me/portfolio/vendor/symfony/yaml/Inline.php on line 49
[05-Nov-2024 09:46:41 Europe/Stockholm] PHP Deprecated:  strpos(): Passing null to parameter #1 ($haystack) of type string is deprecated in /Users/nik/Sites/dbwebb-kurser/design/me/portfolio/vendor/symfony/yaml/Parser.php on line 538
[05-Nov-2024 09:46:41 Europe/Stockholm] PHP Deprecated:  trim(): Passing null to parameter #1 ($string) of type string is deprecated in /Users/nik/Sites/dbwebb-kurser/design/me/portfolio/vendor/symfony/yaml/Inline.php on line 49
[05-Nov-2024 09:46:41 Europe/Stockholm] PHP Deprecated:  strpos(): Passing null to parameter #1 ($haystack) of type string is deprecated in /Users/nik/Sites/dbwebb-kurser/design/me/portfolio/vendor/symfony/yaml/Parser.php on line 538
[05-Nov-2024 09:46:41 Europe/Stockholm] PHP Deprecated:  trim(): Passing null to parameter #1 ($string) of type string is deprecated in /Users/nik/Sites/dbwebb-kurser/design/me/portfolio/vendor/symfony/yaml/Inline.php on line 49
[05-Nov-2024 09:46:41 Europe/Stockholm] PHP Deprecated:  strpos(): Passing null to parameter #1 ($haystack) of type string is deprecated in /Users/nik/Sites/dbwebb-kurser/design/me/portfolio/vendor/symfony/yaml/Parser.php on line 538
[05-Nov-2024 09:46:41 Europe/Stockholm] PHP Deprecated:  trim(): Passing null to parameter #1 ($string) of type string is deprecated in /Users/nik/Sites/dbwebb-kurser/design/me/portfolio/vendor/symfony/yaml/Inline.php on line 49
[05-Nov-2024 09:46:41 Europe/Stockholm] PHP Deprecated:  strpos(): Passing null to parameter #1 ($haystack) of type string is deprecated in /Users/nik/Sites/dbwebb-kurser/design/me/portfolio/vendor/symfony/yaml/Parser.php on line 538
[05-Nov-2024 09:46:41 Europe/Stockholm] PHP Deprecated:  trim(): Passing null to parameter #1 ($string) of type string is deprecated in /Users/nik/Sites/dbwebb-kurser/design/me/portfolio/vendor/symfony/yaml/Inline.php on line 49
[05-Nov-2024 09:46:41 Europe/Stockholm] PHP Deprecated:  strpos(): Passing null to parameter #1 ($haystack) of type string is deprecated in /Users/nik/Sites/dbwebb-kurser/design/me/portfolio/vendor/symfony/yaml/Parser.php on line 538
[05-Nov-2024 09:46:41 Europe/Stockholm] PHP Deprecated:  trim(): Passing null to parameter #1 ($string) of type string is deprecated in /Users/nik/Sites/dbwebb-kurser/design/me/portfolio/vendor/symfony/yaml/Inline.php on line 49
[05-Nov-2024 09:46:41 Europe/Stockholm] PHP Deprecated:  strpos(): Passing null to parameter #1 ($haystack) of type string is deprecated in /Users/nik/Sites/dbwebb-kurser/design/me/portfolio/vendor/symfony/yaml/Parser.php on line 538
[05-Nov-2024 09:46:41 Europe/Stockholm] PHP Deprecated:  trim(): Passing null to parameter #1 ($string) of type string is deprecated in /Users/nik/Sites/dbwebb-kurser/design/me/portfolio/vendor/symfony/yaml/Inline.php on line 49
[05-Nov-2024 09:46:41 Europe/Stockholm] PHP Deprecated:  strpos(): Passing null to parameter #1 ($haystack) of type string is deprecated in /Users/nik/Sites/dbwebb-kurser/design/me/portfolio/vendor/symfony/yaml/Parser.php on line 538
[05-Nov-2024 09:46:41 Europe/Stockholm] PHP Deprecated:  trim(): Passing null to parameter #1 ($string) of type string is deprecated in /Users/nik/Sites/dbwebb-kurser/design/me/portfolio/vendor/symfony/yaml/Inline.php on line 49
[05-Nov-2024 09:46:41 Europe/Stockholm] PHP Deprecated:  strpos(): Passing null to parameter #1 ($haystack) of type string is deprecated in /Users/nik/Sites/dbwebb-kurser/design/me/portfolio/vendor/symfony/yaml/Parser.php on line 538
[05-Nov-2024 09:46:41 Europe/Stockholm] PHP Deprecated:  trim(): Passing null to parameter #1 ($string) of type string is deprecated in /Users/nik/Sites/dbwebb-kurser/design/me/portfolio/vendor/symfony/yaml/Inline.php on line 49
[05-Nov-2024 09:46:41 Europe/Stockholm] PHP Deprecated:  Return type of Twig\Markup::count() should either be compatible with Countable::count(): int, or the #[\ReturnTypeWillChange] attribute should be used to temporarily suppress the notice in /Users/nik/Sites/dbwebb-kurser/design/me/portfolio/vendor/twig/twig/src/Markup.php on line 38
[05-Nov-2024 09:46:41 Europe/Stockholm] PHP Deprecated:  Return type of Twig\Node\Node::count() should either be compatible with Countable::count(): int, or the #[\ReturnTypeWillChange] attribute should be used to temporarily suppress the notice in /Users/nik/Sites/dbwebb-kurser/design/me/portfolio/vendor/twig/twig/src/Node/Node.php on line 213
[05-Nov-2024 09:46:41 Europe/Stockholm] PHP Deprecated:  Return type of Twig\Node\Node::getIterator() should either be compatible with IteratorAggregate::getIterator(): Traversable, or the #[\ReturnTypeWillChange] attribute should be used to temporarily suppress the notice in /Users/nik/Sites/dbwebb-kurser/design/me/portfolio/vendor/twig/twig/src/Node/Node.php on line 221
[05-Nov-2024 09:46:44 Europe/Stockholm] PHP Deprecated:  trim(): Passing null to parameter #1 ($string) of type string is deprecated in /Users/nik/Sites/dbwebb-kurser/design/me/portfolio/vendor/symfony/yaml/Inline.php on line 49
[05-Nov-2024 09:46:44 Europe/Stockholm] PHP Deprecated:  strpos(): Passing null to parameter #1 ($haystack) of type string is deprecated in /Users/nik/Sites/dbwebb-kurser/design/me/portfolio/vendor/symfony/yaml/Parser.php on line 538
[05-Nov-2024 09:46:44 Europe/Stockholm] PHP Deprecated:  trim(): Passing null to parameter #1 ($string) of type string is deprecated in /Users/nik/Sites/dbwebb-kurser/design/me/portfolio/vendor/symfony/yaml/Inline.php on line 49
[05-Nov-2024 09:46:44 Europe/Stockholm] PHP Deprecated:  strpos(): Passing null to parameter #1 ($haystack) of type string is deprecated in /Users/nik/Sites/dbwebb-kurser/design/me/portfolio/vendor/symfony/yaml/Parser.php on line 538
[05-Nov-2024 09:46:44 Europe/Stockholm] PHP Deprecated:  trim(): Passing null to parameter #1 ($string) of type string is deprecated in /Users/nik/Sites/dbwebb-kurser/design/me/portfolio/vendor/symfony/yaml/Inline.php on line 49
[05-Nov-2024 09:46:44 Europe/Stockholm] PHP Deprecated:  strpos(): Passing null to parameter #1 ($haystack) of type string is deprecated in /Users/nik/Sites/dbwebb-kurser/design/me/portfolio/vendor/symfony/yaml/Parser.php on line 538
[05-Nov-2024 09:46:44 Europe/Stockholm] PHP Deprecated:  trim(): Passing null to parameter #1 ($string) of type string is deprecated in /Users/nik/Sites/dbwebb-kurser/design/me/portfolio/vendor/symfony/yaml/Inline.php on line 49
[05-Nov-2024 09:46:44 Europe/Stockholm] PHP Deprecated:  strpos(): Passing null to parameter #1 ($haystack) of type string is deprecated in /Users/nik/Sites/dbwebb-kurser/design/me/portfolio/vendor/symfony/yaml/Parser.php on line 538
[05-Nov-2024 09:46:44 Europe/Stockholm] PHP Deprecated:  trim(): Passing null to parameter #1 ($string) of type string is deprecated in /Users/nik/Sites/dbwebb-kurser/design/me/portfolio/vendor/symfony/yaml/Inline.php on line 49
[05-Nov-2024 09:46:44 Europe/Stockholm] PHP Deprecated:  strpos(): Passing null to parameter #1 ($haystack) of type string is deprecated in /Users/nik/Sites/dbwebb-kurser/design/me/portfolio/vendor/symfony/yaml/Parser.php on line 538
[05-Nov-2024 09:46:44 Europe/Stockholm] PHP Deprecated:  trim(): Passing null to parameter #1 ($string) of type string is deprecated in /Users/nik/Sites/dbwebb-kurser/design/me/portfolio/vendor/symfony/yaml/Inline.php on line 49
[05-Nov-2024 09:46:44 Europe/Stockholm] PHP Deprecated:  strpos(): Passing null to parameter #1 ($haystack) of type string is deprecated in /Users/nik/Sites/dbwebb-kurser/design/me/portfolio/vendor/symfony/yaml/Parser.php on line 538
[05-Nov-2024 09:46:44 Europe/Stockholm] PHP Deprecated:  trim(): Passing null to parameter #1 ($string) of type string is deprecated in /Users/nik/Sites/dbwebb-kurser/design/me/portfolio/vendor/symfony/yaml/Inline.php on line 49
[05-Nov-2024 09:46:44 Europe/Stockholm] PHP Deprecated:  strpos(): Passing null to parameter #1 ($haystack) of type string is deprecated in /Users/nik/Sites/dbwebb-kurser/design/me/portfolio/vendor/symfony/yaml/Parser.php on line 538
[05-Nov-2024 09:46:44 Europe/Stockholm] PHP Deprecated:  trim(): Passing null to parameter #1 ($string) of type string is deprecated in /Users/nik/Sites/dbwebb-kurser/design/me/portfolio/vendor/symfony/yaml/Inline.php on line 49
[05-Nov-2024 09:46:44 Europe/Stockholm] PHP Deprecated:  strpos(): Passing null to parameter #1 ($haystack) of type string is deprecated in /Users/nik/Sites/dbwebb-kurser/design/me/portfolio/vendor/symfony/yaml/Parser.php on line 538
[05-Nov-2024 09:46:44 Europe/Stockholm] PHP Deprecated:  trim(): Passing null to parameter #1 ($string) of type string is deprecated in /Users/nik/Sites/dbwebb-kurser/design/me/portfolio/vendor/symfony/yaml/Inline.php on line 49
[05-Nov-2024 09:46:44 Europe/Stockholm] PHP Deprecated:  mb_convert_encoding(): Handling HTML entities via mbstring is deprecated; use htmlspecialchars, htmlentities, or mb_encode_numericentity/mb_decode_numericentity instead in /Users/nik/Sites/dbwebb-kurser/design/me/portfolio/vendor/erusev/parsedown-extra/ParsedownExtra.php on line 628
[05-Nov-2024 09:46:44 Europe/Stockholm] PHP Deprecated:  trim(): Passing null to parameter #1 ($string) of type string is deprecated in /Users/nik/Sites/dbwebb-kurser/design/me/portfolio/vendor/symfony/yaml/Inline.php on line 49
[05-Nov-2024 09:46:44 Europe/Stockholm] PHP Deprecated:  Return type of Twig\Markup::count() should either be compatible with Countable::count(): int, or the #[\ReturnTypeWillChange] attribute should be used to temporarily suppress the notice in /Users/nik/Sites/dbwebb-kurser/design/me/portfolio/vendor/twig/twig/src/Markup.php on line 38
[05-Nov-2024 09:46:44 Europe/Stockholm] PHP Deprecated:  Return type of Twig\Node\Node::count() should either be compatible with Countable::count(): int, or the #[\ReturnTypeWillChange] attribute should be used to temporarily suppress the notice in /Users/nik/Sites/dbwebb-kurser/design/me/portfolio/vendor/twig/twig/src/Node/Node.php on line 213
[05-Nov-2024 09:46:44 Europe/Stockholm] PHP Deprecated:  Return type of Twig\Node\Node::getIterator() should either be compatible with IteratorAggregate::getIterator(): Traversable, or the #[\ReturnTypeWillChange] attribute should be used to temporarily suppress the notice in /Users/nik/Sites/dbwebb-kurser/design/me/portfolio/vendor/twig/twig/src/Node/Node.php on line 221
[05-Nov-2024 09:46:45 Europe/Stockholm] PHP Deprecated:  trim(): Passing null to parameter #1 ($string) of type string is deprecated in /Users/nik/Sites/dbwebb-kurser/design/me/portfolio/vendor/symfony/yaml/Inline.php on line 49
[05-Nov-2024 09:46:45 Europe/Stockholm] PHP Deprecated:  strpos(): Passing null to parameter #1 ($haystack) of type string is deprecated in /Users/nik/Sites/dbwebb-kurser/design/me/portfolio/vendor/symfony/yaml/Parser.php on line 538
[05-Nov-2024 09:46:45 Europe/Stockholm] PHP Deprecated:  trim(): Passing null to parameter #1 ($string) of type string is deprecated in /Users/nik/Sites/dbwebb-kurser/design/me/portfolio/vendor/symfony/yaml/Inline.php on line 49
[05-Nov-2024 09:46:45 Europe/Stockholm] PHP Deprecated:  strpos(): Passing null to parameter #1 ($haystack) of type string is deprecated in /Users/nik/Sites/dbwebb-kurser/design/me/portfolio/vendor/symfony/yaml/Parser.php on line 538
[05-Nov-2024 09:46:45 Europe/Stockholm] PHP Deprecated:  trim(): Passing null to parameter #1 ($string) of type string is deprecated in /Users/nik/Sites/dbwebb-kurser/design/me/portfolio/vendor/symfony/yaml/Inline.php on line 49
[05-Nov-2024 09:46:45 Europe/Stockholm] PHP Deprecated:  strpos(): Passing null to parameter #1 ($haystack) of type string is deprecated in /Users/nik/Sites/dbwebb-kurser/design/me/portfolio/vendor/symfony/yaml/Parser.php on line 538
[05-Nov-2024 09:46:45 Europe/Stockholm] PHP Deprecated:  trim(): Passing null to parameter #1 ($string) of type string is deprecated in /Users/nik/Sites/dbwebb-kurser/design/me/portfolio/vendor/symfony/yaml/Inline.php on line 49
[05-Nov-2024 09:46:45 Europe/Stockholm] PHP Deprecated:  strpos(): Passing null to parameter #1 ($haystack) of type string is deprecated in /Users/nik/Sites/dbwebb-kurser/design/me/portfolio/vendor/symfony/yaml/Parser.php on line 538
[05-Nov-2024 09:46:45 Europe/Stockholm] PHP Deprecated:  trim(): Passing null to parameter #1 ($string) of type string is deprecated in /Users/nik/Sites/dbwebb-kurser/design/me/portfolio/vendor/symfony/yaml/Inline.php on line 49
[05-Nov-2024 09:46:45 Europe/Stockholm] PHP Deprecated:  strpos(): Passing null to parameter #1 ($haystack) of type string is deprecated in /Users/nik/Sites/dbwebb-kurser/design/me/portfolio/vendor/symfony/yaml/Parser.php on line 538
[05-Nov-2024 09:46:45 Europe/Stockholm] PHP Deprecated:  trim(): Passing null to parameter #1 ($string) of type string is deprecated in /Users/nik/Sites/dbwebb-kurser/design/me/portfolio/vendor/symfony/yaml/Inline.php on line 49
[05-Nov-2024 09:46:45 Europe/Stockholm] PHP Deprecated:  strpos(): Passing null to parameter #1 ($haystack) of type string is deprecated in /Users/nik/Sites/dbwebb-kurser/design/me/portfolio/vendor/symfony/yaml/Parser.php on line 538
[05-Nov-2024 09:46:45 Europe/Stockholm] PHP Deprecated:  trim(): Passing null to parameter #1 ($string) of type string is deprecated in /Users/nik/Sites/dbwebb-kurser/design/me/portfolio/vendor/symfony/yaml/Inline.php on line 49
[05-Nov-2024 09:46:45 Europe/Stockholm] PHP Deprecated:  strpos(): Passing null to parameter #1 ($haystack) of type string is deprecated in /Users/nik/Sites/dbwebb-kurser/design/me/portfolio/vendor/symfony/yaml/Parser.php on line 538
[05-Nov-2024 09:46:45 Europe/Stockholm] PHP Deprecated:  trim(): Passing null to parameter #1 ($string) of type string is deprecated in /Users/nik/Sites/dbwebb-kurser/design/me/portfolio/vendor/symfony/yaml/Inline.php on line 49
[05-Nov-2024 09:46:45 Europe/Stockholm] PHP Deprecated:  strpos(): Passing null to parameter #1 ($haystack) of type string is deprecated in /Users/nik/Sites/dbwebb-kurser/design/me/portfolio/vendor/symfony/yaml/Parser.php on line 538
[05-Nov-2024 09:46:45 Europe/Stockholm] PHP Deprecated:  trim(): Passing null to parameter #1 ($string) of type string is deprecated in /Users/nik/Sites/dbwebb-kurser/design/me/portfolio/vendor/symfony/yaml/Inline.php on line 49
[05-Nov-2024 09:46:45 Europe/Stockholm] PHP Deprecated:  Return type of Twig\Markup::count() should either be compatible with Countable::count(): int, or the #[\ReturnTypeWillChange] attribute should be used to temporarily suppress the notice in /Users/nik/Sites/dbwebb-kurser/design/me/portfolio/vendor/twig/twig/src/Markup.php on line 38
[05-Nov-2024 09:46:45 Europe/Stockholm] PHP Deprecated:  Return type of Twig\Node\Node::count() should either be compatible with Countable::count(): int, or the #[\ReturnTypeWillChange] attribute should be used to temporarily suppress the notice in /Users/nik/Sites/dbwebb-kurser/design/me/portfolio/vendor/twig/twig/src/Node/Node.php on line 213
[05-Nov-2024 09:46:45 Europe/Stockholm] PHP Deprecated:  Return type of Twig\Node\Node::getIterator() should either be compatible with IteratorAggregate::getIterator(): Traversable, or the #[\ReturnTypeWillChange] attribute should be used to temporarily suppress the notice in /Users/nik/Sites/dbwebb-kurser/design/me/portfolio/vendor/twig/twig/src/Node/Node.php on line 221
[05-Nov-2024 10:09:45 Europe/Stockholm] PHP Deprecated:  trim(): Passing null to parameter #1 ($string) of type string is deprecated in /Users/nik/Sites/dbwebb-kurser/design/me/portfolio/vendor/symfony/yaml/Inline.php on line 49
[05-Nov-2024 10:09:45 Europe/Stockholm] PHP Deprecated:  strpos(): Passing null to parameter #1 ($haystack) of type string is deprecated in /Users/nik/Sites/dbwebb-kurser/design/me/portfolio/vendor/symfony/yaml/Parser.php on line 538
[05-Nov-2024 10:09:45 Europe/Stockholm] PHP Deprecated:  trim(): Passing null to parameter #1 ($string) of type string is deprecated in /Users/nik/Sites/dbwebb-kurser/design/me/portfolio/vendor/symfony/yaml/Inline.php on line 49
[05-Nov-2024 10:09:45 Europe/Stockholm] PHP Deprecated:  strpos(): Passing null to parameter #1 ($haystack) of type string is deprecated in /Users/nik/Sites/dbwebb-kurser/design/me/portfolio/vendor/symfony/yaml/Parser.php on line 538
[05-Nov-2024 10:09:45 Europe/Stockholm] PHP Deprecated:  trim(): Passing null to parameter #1 ($string) of type string is deprecated in /Users/nik/Sites/dbwebb-kurser/design/me/portfolio/vendor/symfony/yaml/Inline.php on line 49
[05-Nov-2024 10:09:45 Europe/Stockholm] PHP Deprecated:  strpos(): Passing null to parameter #1 ($haystack) of type string is deprecated in /Users/nik/Sites/dbwebb-kurser/design/me/portfolio/vendor/symfony/yaml/Parser.php on line 538
[05-Nov-2024 10:09:45 Europe/Stockholm] PHP Deprecated:  trim(): Passing null to parameter #1 ($string) of type string is deprecated in /Users/nik/Sites/dbwebb-kurser/design/me/portfolio/vendor/symfony/yaml/Inline.php on line 49
[05-Nov-2024 10:09:45 Europe/Stockholm] PHP Deprecated:  strpos(): Passing null to parameter #1 ($haystack) of type string is deprecated in /Users/nik/Sites/dbwebb-kurser/design/me/portfolio/vendor/symfony/yaml/Parser.php on line 538
[05-Nov-2024 10:09:45 Europe/Stockholm] PHP Deprecated:  trim(): Passing null to parameter #1 ($string) of type string is deprecated in /Users/nik/Sites/dbwebb-kurser/design/me/portfolio/vendor/symfony/yaml/Inline.php on line 49
[05-Nov-2024 10:09:45 Europe/Stockholm] PHP Deprecated:  strpos(): Passing null to parameter #1 ($haystack) of type string is deprecated in /Users/nik/Sites/dbwebb-kurser/design/me/portfolio/vendor/symfony/yaml/Parser.php on line 538
[05-Nov-2024 10:09:45 Europe/Stockholm] PHP Deprecated:  trim(): Passing null to parameter #1 ($string) of type string is deprecated in /Users/nik/Sites/dbwebb-kurser/design/me/portfolio/vendor/symfony/yaml/Inline.php on line 49
[05-Nov-2024 10:09:45 Europe/Stockholm] PHP Deprecated:  strpos(): Passing null to parameter #1 ($haystack) of type string is deprecated in /Users/nik/Sites/dbwebb-kurser/design/me/portfolio/vendor/symfony/yaml/Parser.php on line 538
[05-Nov-2024 10:09:45 Europe/Stockholm] PHP Deprecated:  trim(): Passing null to parameter #1 ($string) of type string is deprecated in /Users/nik/Sites/dbwebb-kurser/design/me/portfolio/vendor/symfony/yaml/Inline.php on line 49
[05-Nov-2024 10:09:45 Europe/Stockholm] PHP Deprecated:  strpos(): Passing null to parameter #1 ($haystack) of type string is deprecated in /Users/nik/Sites/dbwebb-kurser/design/me/portfolio/vendor/symfony/yaml/Parser.php on line 538
[05-Nov-2024 10:09:45 Europe/Stockholm] PHP Deprecated:  trim(): Passing null to parameter #1 ($string) of type string is deprecated in /Users/nik/Sites/dbwebb-kurser/design/me/portfolio/vendor/symfony/yaml/Inline.php on line 49
[05-Nov-2024 10:09:45 Europe/Stockholm] PHP Deprecated:  strpos(): Passing null to parameter #1 ($haystack) of type string is deprecated in /Users/nik/Sites/dbwebb-kurser/design/me/portfolio/vendor/symfony/yaml/Parser.php on line 538
[05-Nov-2024 10:09:45 Europe/Stockholm] PHP Deprecated:  trim(): Passing null to parameter #1 ($string) of type string is deprecated in /Users/nik/Sites/dbwebb-kurser/design/me/portfolio/vendor/symfony/yaml/Inline.php on line 49
[05-Nov-2024 10:09:45 Europe/Stockholm] PHP Deprecated:  Return type of Twig\Markup::count() should either be compatible with Countable::count(): int, or the #[\ReturnTypeWillChange] attribute should be used to temporarily suppress the notice in /Users/nik/Sites/dbwebb-kurser/design/me/portfolio/vendor/twig/twig/src/Markup.php on line 38
[05-Nov-2024 10:09:45 Europe/Stockholm] PHP Deprecated:  Return type of Twig\Node\Node::count() should either be compatible with Countable::count(): int, or the #[\ReturnTypeWillChange] attribute should be used to temporarily suppress the notice in /Users/nik/Sites/dbwebb-kurser/design/me/portfolio/vendor/twig/twig/src/Node/Node.php on line 213
[05-Nov-2024 10:09:45 Europe/Stockholm] PHP Deprecated:  Return type of Twig\Node\Node::getIterator() should either be compatible with IteratorAggregate::getIterator(): Traversable, or the #[\ReturnTypeWillChange] attribute should be used to temporarily suppress the notice in /Users/nik/Sites/dbwebb-kurser/design/me/portfolio/vendor/twig/twig/src/Node/Node.php on line 221
[05-Nov-2024 10:10:13 Europe/Stockholm] PHP Deprecated:  trim(): Passing null to parameter #1 ($string) of type string is deprecated in /Users/nik/Sites/dbwebb-kurser/design/me/portfolio/vendor/symfony/yaml/Inline.php on line 49
[05-Nov-2024 10:10:13 Europe/Stockholm] PHP Deprecated:  strpos(): Passing null to parameter #1 ($haystack) of type string is deprecated in /Users/nik/Sites/dbwebb-kurser/design/me/portfolio/vendor/symfony/yaml/Parser.php on line 538
[05-Nov-2024 10:10:13 Europe/Stockholm] PHP Deprecated:  trim(): Passing null to parameter #1 ($string) of type string is deprecated in /Users/nik/Sites/dbwebb-kurser/design/me/portfolio/vendor/symfony/yaml/Inline.php on line 49
[05-Nov-2024 10:10:13 Europe/Stockholm] PHP Deprecated:  strpos(): Passing null to parameter #1 ($haystack) of type string is deprecated in /Users/nik/Sites/dbwebb-kurser/design/me/portfolio/vendor/symfony/yaml/Parser.php on line 538
[05-Nov-2024 10:10:13 Europe/Stockholm] PHP Deprecated:  trim(): Passing null to parameter #1 ($string) of type string is deprecated in /Users/nik/Sites/dbwebb-kurser/design/me/portfolio/vendor/symfony/yaml/Inline.php on line 49
[05-Nov-2024 10:10:13 Europe/Stockholm] PHP Deprecated:  strpos(): Passing null to parameter #1 ($haystack) of type string is deprecated in /Users/nik/Sites/dbwebb-kurser/design/me/portfolio/vendor/symfony/yaml/Parser.php on line 538
[05-Nov-2024 10:10:13 Europe/Stockholm] PHP Deprecated:  trim(): Passing null to parameter #1 ($string) of type string is deprecated in /Users/nik/Sites/dbwebb-kurser/design/me/portfolio/vendor/symfony/yaml/Inline.php on line 49
[05-Nov-2024 10:10:13 Europe/Stockholm] PHP Deprecated:  strpos(): Passing null to parameter #1 ($haystack) of type string is deprecated in /Users/nik/Sites/dbwebb-kurser/design/me/portfolio/vendor/symfony/yaml/Parser.php on line 538
[05-Nov-2024 10:10:13 Europe/Stockholm] PHP Deprecated:  trim(): Passing null to parameter #1 ($string) of type string is deprecated in /Users/nik/Sites/dbwebb-kurser/design/me/portfolio/vendor/symfony/yaml/Inline.php on line 49
[05-Nov-2024 10:10:13 Europe/Stockholm] PHP Deprecated:  strpos(): Passing null to parameter #1 ($haystack) of type string is deprecated in /Users/nik/Sites/dbwebb-kurser/design/me/portfolio/vendor/symfony/yaml/Parser.php on line 538
[05-Nov-2024 10:10:13 Europe/Stockholm] PHP Deprecated:  trim(): Passing null to parameter #1 ($string) of type string is deprecated in /Users/nik/Sites/dbwebb-kurser/design/me/portfolio/vendor/symfony/yaml/Inline.php on line 49
[05-Nov-2024 10:10:13 Europe/Stockholm] PHP Deprecated:  strpos(): Passing null to parameter #1 ($haystack) of type string is deprecated in /Users/nik/Sites/dbwebb-kurser/design/me/portfolio/vendor/symfony/yaml/Parser.php on line 538
[05-Nov-2024 10:10:13 Europe/Stockholm] PHP Deprecated:  trim(): Passing null to parameter #1 ($string) of type string is deprecated in /Users/nik/Sites/dbwebb-kurser/design/me/portfolio/vendor/symfony/yaml/Inline.php on line 49
[05-Nov-2024 10:10:13 Europe/Stockholm] PHP Deprecated:  strpos(): Passing null to parameter #1 ($haystack) of type string is deprecated in /Users/nik/Sites/dbwebb-kurser/design/me/portfolio/vendor/symfony/yaml/Parser.php on line 538
[05-Nov-2024 10:10:13 Europe/Stockholm] PHP Deprecated:  trim(): Passing null to parameter #1 ($string) of type string is deprecated in /Users/nik/Sites/dbwebb-kurser/design/me/portfolio/vendor/symfony/yaml/Inline.php on line 49
[05-Nov-2024 10:10:13 Europe/Stockholm] PHP Deprecated:  strpos(): Passing null to parameter #1 ($haystack) of type string is deprecated in /Users/nik/Sites/dbwebb-kurser/design/me/portfolio/vendor/symfony/yaml/Parser.php on line 538
[05-Nov-2024 10:10:13 Europe/Stockholm] PHP Deprecated:  trim(): Passing null to parameter #1 ($string) of type string is deprecated in /Users/nik/Sites/dbwebb-kurser/design/me/portfolio/vendor/symfony/yaml/Inline.php on line 49
[05-Nov-2024 10:10:13 Europe/Stockholm] PHP Deprecated:  Return type of Twig\Markup::count() should either be compatible with Countable::count(): int, or the #[\ReturnTypeWillChange] attribute should be used to temporarily suppress the notice in /Users/nik/Sites/dbwebb-kurser/design/me/portfolio/vendor/twig/twig/src/Markup.php on line 38
[05-Nov-2024 10:10:13 Europe/Stockholm] PHP Deprecated:  Return type of Twig\Node\Node::count() should either be compatible with Countable::count(): int, or the #[\ReturnTypeWillChange] attribute should be used to temporarily suppress the notice in /Users/nik/Sites/dbwebb-kurser/design/me/portfolio/vendor/twig/twig/src/Node/Node.php on line 213
[05-Nov-2024 10:10:13 Europe/Stockholm] PHP Deprecated:  Return type of Twig\Node\Node::getIterator() should either be compatible with IteratorAggregate::getIterator(): Traversable, or the #[\ReturnTypeWillChange] attribute should be used to temporarily suppress the notice in /Users/nik/Sites/dbwebb-kurser/design/me/portfolio/vendor/twig/twig/src/Node/Node.php on line 221
[05-Nov-2024 10:10:14 Europe/Stockholm] PHP Deprecated:  trim(): Passing null to parameter #1 ($string) of type string is deprecated in /Users/nik/Sites/dbwebb-kurser/design/me/portfolio/vendor/symfony/yaml/Inline.php on line 49
[05-Nov-2024 10:10:14 Europe/Stockholm] PHP Deprecated:  strpos(): Passing null to parameter #1 ($haystack) of type string is deprecated in /Users/nik/Sites/dbwebb-kurser/design/me/portfolio/vendor/symfony/yaml/Parser.php on line 538
[05-Nov-2024 10:10:14 Europe/Stockholm] PHP Deprecated:  trim(): Passing null to parameter #1 ($string) of type string is deprecated in /Users/nik/Sites/dbwebb-kurser/design/me/portfolio/vendor/symfony/yaml/Inline.php on line 49
[05-Nov-2024 10:10:14 Europe/Stockholm] PHP Deprecated:  strpos(): Passing null to parameter #1 ($haystack) of type string is deprecated in /Users/nik/Sites/dbwebb-kurser/design/me/portfolio/vendor/symfony/yaml/Parser.php on line 538
[05-Nov-2024 10:10:14 Europe/Stockholm] PHP Deprecated:  trim(): Passing null to parameter #1 ($string) of type string is deprecated in /Users/nik/Sites/dbwebb-kurser/design/me/portfolio/vendor/symfony/yaml/Inline.php on line 49
[05-Nov-2024 10:10:14 Europe/Stockholm] PHP Deprecated:  strpos(): Passing null to parameter #1 ($haystack) of type string is deprecated in /Users/nik/Sites/dbwebb-kurser/design/me/portfolio/vendor/symfony/yaml/Parser.php on line 538
[05-Nov-2024 10:10:14 Europe/Stockholm] PHP Deprecated:  trim(): Passing null to parameter #1 ($string) of type string is deprecated in /Users/nik/Sites/dbwebb-kurser/design/me/portfolio/vendor/symfony/yaml/Inline.php on line 49
[05-Nov-2024 10:10:14 Europe/Stockholm] PHP Deprecated:  strpos(): Passing null to parameter #1 ($haystack) of type string is deprecated in /Users/nik/Sites/dbwebb-kurser/design/me/portfolio/vendor/symfony/yaml/Parser.php on line 538
[05-Nov-2024 10:10:14 Europe/Stockholm] PHP Deprecated:  trim(): Passing null to parameter #1 ($string) of type string is deprecated in /Users/nik/Sites/dbwebb-kurser/design/me/portfolio/vendor/symfony/yaml/Inline.php on line 49
[05-Nov-2024 10:10:14 Europe/Stockholm] PHP Deprecated:  strpos(): Passing null to parameter #1 ($haystack) of type string is deprecated in /Users/nik/Sites/dbwebb-kurser/design/me/portfolio/vendor/symfony/yaml/Parser.php on line 538
[05-Nov-2024 10:10:14 Europe/Stockholm] PHP Deprecated:  trim(): Passing null to parameter #1 ($string) of type string is deprecated in /Users/nik/Sites/dbwebb-kurser/design/me/portfolio/vendor/symfony/yaml/Inline.php on line 49
[05-Nov-2024 10:10:14 Europe/Stockholm] PHP Deprecated:  strpos(): Passing null to parameter #1 ($haystack) of type string is deprecated in /Users/nik/Sites/dbwebb-kurser/design/me/portfolio/vendor/symfony/yaml/Parser.php on line 538
[05-Nov-2024 10:10:14 Europe/Stockholm] PHP Deprecated:  trim(): Passing null to parameter #1 ($string) of type string is deprecated in /Users/nik/Sites/dbwebb-kurser/design/me/portfolio/vendor/symfony/yaml/Inline.php on line 49
[05-Nov-2024 10:10:14 Europe/Stockholm] PHP Deprecated:  strpos(): Passing null to parameter #1 ($haystack) of type string is deprecated in /Users/nik/Sites/dbwebb-kurser/design/me/portfolio/vendor/symfony/yaml/Parser.php on line 538
[05-Nov-2024 10:10:14 Europe/Stockholm] PHP Deprecated:  trim(): Passing null to parameter #1 ($string) of type string is deprecated in /Users/nik/Sites/dbwebb-kurser/design/me/portfolio/vendor/symfony/yaml/Inline.php on line 49
[05-Nov-2024 10:10:14 Europe/Stockholm] PHP Deprecated:  strpos(): Passing null to parameter #1 ($haystack) of type string is deprecated in /Users/nik/Sites/dbwebb-kurser/design/me/portfolio/vendor/symfony/yaml/Parser.php on line 538
[05-Nov-2024 10:10:14 Europe/Stockholm] PHP Deprecated:  trim(): Passing null to parameter #1 ($string) of type string is deprecated in /Users/nik/Sites/dbwebb-kurser/design/me/portfolio/vendor/symfony/yaml/Inline.php on line 49
[05-Nov-2024 10:10:14 Europe/Stockholm] PHP Deprecated:  mb_convert_encoding(): Handling HTML entities via mbstring is deprecated; use htmlspecialchars, htmlentities, or mb_encode_numericentity/mb_decode_numericentity instead in /Users/nik/Sites/dbwebb-kurser/design/me/portfolio/vendor/erusev/parsedown-extra/ParsedownExtra.php on line 628
[05-Nov-2024 10:10:14 Europe/Stockholm] PHP Deprecated:  trim(): Passing null to parameter #1 ($string) of type string is deprecated in /Users/nik/Sites/dbwebb-kurser/design/me/portfolio/vendor/symfony/yaml/Inline.php on line 49
[05-Nov-2024 10:10:14 Europe/Stockholm] PHP Deprecated:  Return type of Twig\Markup::count() should either be compatible with Countable::count(): int, or the #[\ReturnTypeWillChange] attribute should be used to temporarily suppress the notice in /Users/nik/Sites/dbwebb-kurser/design/me/portfolio/vendor/twig/twig/src/Markup.php on line 38
[05-Nov-2024 10:10:14 Europe/Stockholm] PHP Deprecated:  Return type of Twig\Node\Node::count() should either be compatible with Countable::count(): int, or the #[\ReturnTypeWillChange] attribute should be used to temporarily suppress the notice in /Users/nik/Sites/dbwebb-kurser/design/me/portfolio/vendor/twig/twig/src/Node/Node.php on line 213
[05-Nov-2024 10:10:14 Europe/Stockholm] PHP Deprecated:  Return type of Twig\Node\Node::getIterator() should either be compatible with IteratorAggregate::getIterator(): Traversable, or the #[\ReturnTypeWillChange] attribute should be used to temporarily suppress the notice in /Users/nik/Sites/dbwebb-kurser/design/me/portfolio/vendor/twig/twig/src/Node/Node.php on line 221
[05-Nov-2024 10:11:01 Europe/Stockholm] PHP Deprecated:  trim(): Passing null to parameter #1 ($string) of type string is deprecated in /Users/nik/Sites/dbwebb-kurser/design/me/portfolio/vendor/symfony/yaml/Inline.php on line 49
[05-Nov-2024 10:11:01 Europe/Stockholm] PHP Deprecated:  strpos(): Passing null to parameter #1 ($haystack) of type string is deprecated in /Users/nik/Sites/dbwebb-kurser/design/me/portfolio/vendor/symfony/yaml/Parser.php on line 538
[05-Nov-2024 10:11:01 Europe/Stockholm] PHP Deprecated:  trim(): Passing null to parameter #1 ($string) of type string is deprecated in /Users/nik/Sites/dbwebb-kurser/design/me/portfolio/vendor/symfony/yaml/Inline.php on line 49
[05-Nov-2024 10:11:01 Europe/Stockholm] PHP Deprecated:  strpos(): Passing null to parameter #1 ($haystack) of type string is deprecated in /Users/nik/Sites/dbwebb-kurser/design/me/portfolio/vendor/symfony/yaml/Parser.php on line 538
[05-Nov-2024 10:11:01 Europe/Stockholm] PHP Deprecated:  trim(): Passing null to parameter #1 ($string) of type string is deprecated in /Users/nik/Sites/dbwebb-kurser/design/me/portfolio/vendor/symfony/yaml/Inline.php on line 49
[05-Nov-2024 10:11:01 Europe/Stockholm] PHP Deprecated:  strpos(): Passing null to parameter #1 ($haystack) of type string is deprecated in /Users/nik/Sites/dbwebb-kurser/design/me/portfolio/vendor/symfony/yaml/Parser.php on line 538
[05-Nov-2024 10:11:01 Europe/Stockholm] PHP Deprecated:  trim(): Passing null to parameter #1 ($string) of type string is deprecated in /Users/nik/Sites/dbwebb-kurser/design/me/portfolio/vendor/symfony/yaml/Inline.php on line 49
[05-Nov-2024 10:11:01 Europe/Stockholm] PHP Deprecated:  strpos(): Passing null to parameter #1 ($haystack) of type string is deprecated in /Users/nik/Sites/dbwebb-kurser/design/me/portfolio/vendor/symfony/yaml/Parser.php on line 538
[05-Nov-2024 10:11:01 Europe/Stockholm] PHP Deprecated:  trim(): Passing null to parameter #1 ($string) of type string is deprecated in /Users/nik/Sites/dbwebb-kurser/design/me/portfolio/vendor/symfony/yaml/Inline.php on line 49
[05-Nov-2024 10:11:01 Europe/Stockholm] PHP Deprecated:  strpos(): Passing null to parameter #1 ($haystack) of type string is deprecated in /Users/nik/Sites/dbwebb-kurser/design/me/portfolio/vendor/symfony/yaml/Parser.php on line 538
[05-Nov-2024 10:11:01 Europe/Stockholm] PHP Deprecated:  trim(): Passing null to parameter #1 ($string) of type string is deprecated in /Users/nik/Sites/dbwebb-kurser/design/me/portfolio/vendor/symfony/yaml/Inline.php on line 49
[05-Nov-2024 10:11:01 Europe/Stockholm] PHP Deprecated:  strpos(): Passing null to parameter #1 ($haystack) of type string is deprecated in /Users/nik/Sites/dbwebb-kurser/design/me/portfolio/vendor/symfony/yaml/Parser.php on line 538
[05-Nov-2024 10:11:01 Europe/Stockholm] PHP Deprecated:  trim(): Passing null to parameter #1 ($string) of type string is deprecated in /Users/nik/Sites/dbwebb-kurser/design/me/portfolio/vendor/symfony/yaml/Inline.php on line 49
[05-Nov-2024 10:11:01 Europe/Stockholm] PHP Deprecated:  strpos(): Passing null to parameter #1 ($haystack) of type string is deprecated in /Users/nik/Sites/dbwebb-kurser/design/me/portfolio/vendor/symfony/yaml/Parser.php on line 538
[05-Nov-2024 10:11:01 Europe/Stockholm] PHP Deprecated:  trim(): Passing null to parameter #1 ($string) of type string is deprecated in /Users/nik/Sites/dbwebb-kurser/design/me/portfolio/vendor/symfony/yaml/Inline.php on line 49
[05-Nov-2024 10:11:01 Europe/Stockholm] PHP Deprecated:  strpos(): Passing null to parameter #1 ($haystack) of type string is deprecated in /Users/nik/Sites/dbwebb-kurser/design/me/portfolio/vendor/symfony/yaml/Parser.php on line 538
[05-Nov-2024 10:11:01 Europe/Stockholm] PHP Deprecated:  trim(): Passing null to parameter #1 ($string) of type string is deprecated in /Users/nik/Sites/dbwebb-kurser/design/me/portfolio/vendor/symfony/yaml/Inline.php on line 49
[05-Nov-2024 10:11:01 Europe/Stockholm] PHP Deprecated:  Return type of Twig\Markup::count() should either be compatible with Countable::count(): int, or the #[\ReturnTypeWillChange] attribute should be used to temporarily suppress the notice in /Users/nik/Sites/dbwebb-kurser/design/me/portfolio/vendor/twig/twig/src/Markup.php on line 38
[05-Nov-2024 10:11:01 Europe/Stockholm] PHP Deprecated:  Return type of Twig\Node\Node::count() should either be compatible with Countable::count(): int, or the #[\ReturnTypeWillChange] attribute should be used to temporarily suppress the notice in /Users/nik/Sites/dbwebb-kurser/design/me/portfolio/vendor/twig/twig/src/Node/Node.php on line 213
[05-Nov-2024 10:11:01 Europe/Stockholm] PHP Deprecated:  Return type of Twig\Node\Node::getIterator() should either be compatible with IteratorAggregate::getIterator(): Traversable, or the #[\ReturnTypeWillChange] attribute should be used to temporarily suppress the notice in /Users/nik/Sites/dbwebb-kurser/design/me/portfolio/vendor/twig/twig/src/Node/Node.php on line 221
[05-Nov-2024 10:15:50 Europe/Stockholm] PHP Deprecated:  trim(): Passing null to parameter #1 ($string) of type string is deprecated in /Users/nik/Sites/dbwebb-kurser/design/me/portfolio/vendor/symfony/yaml/Inline.php on line 49
[05-Nov-2024 10:15:50 Europe/Stockholm] PHP Deprecated:  strpos(): Passing null to parameter #1 ($haystack) of type string is deprecated in /Users/nik/Sites/dbwebb-kurser/design/me/portfolio/vendor/symfony/yaml/Parser.php on line 538
[05-Nov-2024 10:15:50 Europe/Stockholm] PHP Deprecated:  trim(): Passing null to parameter #1 ($string) of type string is deprecated in /Users/nik/Sites/dbwebb-kurser/design/me/portfolio/vendor/symfony/yaml/Inline.php on line 49
[05-Nov-2024 10:15:50 Europe/Stockholm] PHP Deprecated:  strpos(): Passing null to parameter #1 ($haystack) of type string is deprecated in /Users/nik/Sites/dbwebb-kurser/design/me/portfolio/vendor/symfony/yaml/Parser.php on line 538
[05-Nov-2024 10:15:50 Europe/Stockholm] PHP Deprecated:  trim(): Passing null to parameter #1 ($string) of type string is deprecated in /Users/nik/Sites/dbwebb-kurser/design/me/portfolio/vendor/symfony/yaml/Inline.php on line 49
[05-Nov-2024 10:15:50 Europe/Stockholm] PHP Deprecated:  strpos(): Passing null to parameter #1 ($haystack) of type string is deprecated in /Users/nik/Sites/dbwebb-kurser/design/me/portfolio/vendor/symfony/yaml/Parser.php on line 538
[05-Nov-2024 10:15:50 Europe/Stockholm] PHP Deprecated:  trim(): Passing null to parameter #1 ($string) of type string is deprecated in /Users/nik/Sites/dbwebb-kurser/design/me/portfolio/vendor/symfony/yaml/Inline.php on line 49
[05-Nov-2024 10:15:50 Europe/Stockholm] PHP Deprecated:  strpos(): Passing null to parameter #1 ($haystack) of type string is deprecated in /Users/nik/Sites/dbwebb-kurser/design/me/portfolio/vendor/symfony/yaml/Parser.php on line 538
[05-Nov-2024 10:15:50 Europe/Stockholm] PHP Deprecated:  trim(): Passing null to parameter #1 ($string) of type string is deprecated in /Users/nik/Sites/dbwebb-kurser/design/me/portfolio/vendor/symfony/yaml/Inline.php on line 49
[05-Nov-2024 10:15:50 Europe/Stockholm] PHP Deprecated:  strpos(): Passing null to parameter #1 ($haystack) of type string is deprecated in /Users/nik/Sites/dbwebb-kurser/design/me/portfolio/vendor/symfony/yaml/Parser.php on line 538
[05-Nov-2024 10:15:50 Europe/Stockholm] PHP Deprecated:  trim(): Passing null to parameter #1 ($string) of type string is deprecated in /Users/nik/Sites/dbwebb-kurser/design/me/portfolio/vendor/symfony/yaml/Inline.php on line 49
[05-Nov-2024 10:15:50 Europe/Stockholm] PHP Deprecated:  strpos(): Passing null to parameter #1 ($haystack) of type string is deprecated in /Users/nik/Sites/dbwebb-kurser/design/me/portfolio/vendor/symfony/yaml/Parser.php on line 538
[05-Nov-2024 10:15:50 Europe/Stockholm] PHP Deprecated:  trim(): Passing null to parameter #1 ($string) of type string is deprecated in /Users/nik/Sites/dbwebb-kurser/design/me/portfolio/vendor/symfony/yaml/Inline.php on line 49
[05-Nov-2024 10:15:50 Europe/Stockholm] PHP Deprecated:  strpos(): Passing null to parameter #1 ($haystack) of type string is deprecated in /Users/nik/Sites/dbwebb-kurser/design/me/portfolio/vendor/symfony/yaml/Parser.php on line 538
[05-Nov-2024 10:15:50 Europe/Stockholm] PHP Deprecated:  trim(): Passing null to parameter #1 ($string) of type string is deprecated in /Users/nik/Sites/dbwebb-kurser/design/me/portfolio/vendor/symfony/yaml/Inline.php on line 49
[05-Nov-2024 10:15:50 Europe/Stockholm] PHP Deprecated:  strpos(): Passing null to parameter #1 ($haystack) of type string is deprecated in /Users/nik/Sites/dbwebb-kurser/design/me/portfolio/vendor/symfony/yaml/Parser.php on line 538
[05-Nov-2024 10:15:50 Europe/Stockholm] PHP Deprecated:  trim(): Passing null to parameter #1 ($string) of type string is deprecated in /Users/nik/Sites/dbwebb-kurser/design/me/portfolio/vendor/symfony/yaml/Inline.php on line 49
[05-Nov-2024 10:15:50 Europe/Stockholm] PHP Deprecated:  Return type of Twig\Markup::count() should either be compatible with Countable::count(): int, or the #[\ReturnTypeWillChange] attribute should be used to temporarily suppress the notice in /Users/nik/Sites/dbwebb-kurser/design/me/portfolio/vendor/twig/twig/src/Markup.php on line 38
[05-Nov-2024 10:15:50 Europe/Stockholm] PHP Deprecated:  Return type of Twig\Node\Node::count() should either be compatible with Countable::count(): int, or the #[\ReturnTypeWillChange] attribute should be used to temporarily suppress the notice in /Users/nik/Sites/dbwebb-kurser/design/me/portfolio/vendor/twig/twig/src/Node/Node.php on line 213
[05-Nov-2024 10:15:50 Europe/Stockholm] PHP Deprecated:  Return type of Twig\Node\Node::getIterator() should either be compatible with IteratorAggregate::getIterator(): Traversable, or the #[\ReturnTypeWillChange] attribute should be used to temporarily suppress the notice in /Users/nik/Sites/dbwebb-kurser/design/me/portfolio/vendor/twig/twig/src/Node/Node.php on line 221
[05-Nov-2024 10:16:46 Europe/Stockholm] PHP Deprecated:  trim(): Passing null to parameter #1 ($string) of type string is deprecated in /Users/nik/Sites/dbwebb-kurser/design/me/portfolio/vendor/symfony/yaml/Inline.php on line 49
[05-Nov-2024 10:16:46 Europe/Stockholm] PHP Deprecated:  strpos(): Passing null to parameter #1 ($haystack) of type string is deprecated in /Users/nik/Sites/dbwebb-kurser/design/me/portfolio/vendor/symfony/yaml/Parser.php on line 538
[05-Nov-2024 10:16:46 Europe/Stockholm] PHP Deprecated:  trim(): Passing null to parameter #1 ($string) of type string is deprecated in /Users/nik/Sites/dbwebb-kurser/design/me/portfolio/vendor/symfony/yaml/Inline.php on line 49
[05-Nov-2024 10:16:46 Europe/Stockholm] PHP Deprecated:  strpos(): Passing null to parameter #1 ($haystack) of type string is deprecated in /Users/nik/Sites/dbwebb-kurser/design/me/portfolio/vendor/symfony/yaml/Parser.php on line 538
[05-Nov-2024 10:16:46 Europe/Stockholm] PHP Deprecated:  trim(): Passing null to parameter #1 ($string) of type string is deprecated in /Users/nik/Sites/dbwebb-kurser/design/me/portfolio/vendor/symfony/yaml/Inline.php on line 49
[05-Nov-2024 10:16:46 Europe/Stockholm] PHP Deprecated:  strpos(): Passing null to parameter #1 ($haystack) of type string is deprecated in /Users/nik/Sites/dbwebb-kurser/design/me/portfolio/vendor/symfony/yaml/Parser.php on line 538
[05-Nov-2024 10:16:46 Europe/Stockholm] PHP Deprecated:  trim(): Passing null to parameter #1 ($string) of type string is deprecated in /Users/nik/Sites/dbwebb-kurser/design/me/portfolio/vendor/symfony/yaml/Inline.php on line 49
[05-Nov-2024 10:16:46 Europe/Stockholm] PHP Deprecated:  strpos(): Passing null to parameter #1 ($haystack) of type string is deprecated in /Users/nik/Sites/dbwebb-kurser/design/me/portfolio/vendor/symfony/yaml/Parser.php on line 538
[05-Nov-2024 10:16:46 Europe/Stockholm] PHP Deprecated:  trim(): Passing null to parameter #1 ($string) of type string is deprecated in /Users/nik/Sites/dbwebb-kurser/design/me/portfolio/vendor/symfony/yaml/Inline.php on line 49
[05-Nov-2024 10:16:46 Europe/Stockholm] PHP Deprecated:  strpos(): Passing null to parameter #1 ($haystack) of type string is deprecated in /Users/nik/Sites/dbwebb-kurser/design/me/portfolio/vendor/symfony/yaml/Parser.php on line 538
[05-Nov-2024 10:16:46 Europe/Stockholm] PHP Deprecated:  trim(): Passing null to parameter #1 ($string) of type string is deprecated in /Users/nik/Sites/dbwebb-kurser/design/me/portfolio/vendor/symfony/yaml/Inline.php on line 49
[05-Nov-2024 10:16:46 Europe/Stockholm] PHP Deprecated:  strpos(): Passing null to parameter #1 ($haystack) of type string is deprecated in /Users/nik/Sites/dbwebb-kurser/design/me/portfolio/vendor/symfony/yaml/Parser.php on line 538
[05-Nov-2024 10:16:46 Europe/Stockholm] PHP Deprecated:  trim(): Passing null to parameter #1 ($string) of type string is deprecated in /Users/nik/Sites/dbwebb-kurser/design/me/portfolio/vendor/symfony/yaml/Inline.php on line 49
[05-Nov-2024 10:16:46 Europe/Stockholm] PHP Deprecated:  strpos(): Passing null to parameter #1 ($haystack) of type string is deprecated in /Users/nik/Sites/dbwebb-kurser/design/me/portfolio/vendor/symfony/yaml/Parser.php on line 538
[05-Nov-2024 10:16:46 Europe/Stockholm] PHP Deprecated:  trim(): Passing null to parameter #1 ($string) of type string is deprecated in /Users/nik/Sites/dbwebb-kurser/design/me/portfolio/vendor/symfony/yaml/Inline.php on line 49
[05-Nov-2024 10:16:46 Europe/Stockholm] PHP Deprecated:  strpos(): Passing null to parameter #1 ($haystack) of type string is deprecated in /Users/nik/Sites/dbwebb-kurser/design/me/portfolio/vendor/symfony/yaml/Parser.php on line 538
[05-Nov-2024 10:16:46 Europe/Stockholm] PHP Deprecated:  trim(): Passing null to parameter #1 ($string) of type string is deprecated in /Users/nik/Sites/dbwebb-kurser/design/me/portfolio/vendor/symfony/yaml/Inline.php on line 49
[05-Nov-2024 10:16:46 Europe/Stockholm] PHP Deprecated:  Return type of Twig\Markup::count() should either be compatible with Countable::count(): int, or the #[\ReturnTypeWillChange] attribute should be used to temporarily suppress the notice in /Users/nik/Sites/dbwebb-kurser/design/me/portfolio/vendor/twig/twig/src/Markup.php on line 38
[05-Nov-2024 10:16:46 Europe/Stockholm] PHP Deprecated:  Return type of Twig\Node\Node::count() should either be compatible with Countable::count(): int, or the #[\ReturnTypeWillChange] attribute should be used to temporarily suppress the notice in /Users/nik/Sites/dbwebb-kurser/design/me/portfolio/vendor/twig/twig/src/Node/Node.php on line 213
[05-Nov-2024 10:16:46 Europe/Stockholm] PHP Deprecated:  Return type of Twig\Node\Node::getIterator() should either be compatible with IteratorAggregate::getIterator(): Traversable, or the #[\ReturnTypeWillChange] attribute should be used to temporarily suppress the notice in /Users/nik/Sites/dbwebb-kurser/design/me/portfolio/vendor/twig/twig/src/Node/Node.php on line 221
[05-Nov-2024 10:18:33 Europe/Stockholm] PHP Deprecated:  trim(): Passing null to parameter #1 ($string) of type string is deprecated in /Users/nik/Sites/dbwebb-kurser/design/me/portfolio/vendor/symfony/yaml/Inline.php on line 49
[05-Nov-2024 10:18:33 Europe/Stockholm] PHP Deprecated:  strpos(): Passing null to parameter #1 ($haystack) of type string is deprecated in /Users/nik/Sites/dbwebb-kurser/design/me/portfolio/vendor/symfony/yaml/Parser.php on line 538
[05-Nov-2024 10:18:33 Europe/Stockholm] PHP Deprecated:  trim(): Passing null to parameter #1 ($string) of type string is deprecated in /Users/nik/Sites/dbwebb-kurser/design/me/portfolio/vendor/symfony/yaml/Inline.php on line 49
[05-Nov-2024 10:18:33 Europe/Stockholm] PHP Deprecated:  strpos(): Passing null to parameter #1 ($haystack) of type string is deprecated in /Users/nik/Sites/dbwebb-kurser/design/me/portfolio/vendor/symfony/yaml/Parser.php on line 538
[05-Nov-2024 10:18:33 Europe/Stockholm] PHP Deprecated:  trim(): Passing null to parameter #1 ($string) of type string is deprecated in /Users/nik/Sites/dbwebb-kurser/design/me/portfolio/vendor/symfony/yaml/Inline.php on line 49
[05-Nov-2024 10:18:33 Europe/Stockholm] PHP Deprecated:  strpos(): Passing null to parameter #1 ($haystack) of type string is deprecated in /Users/nik/Sites/dbwebb-kurser/design/me/portfolio/vendor/symfony/yaml/Parser.php on line 538
[05-Nov-2024 10:18:33 Europe/Stockholm] PHP Deprecated:  trim(): Passing null to parameter #1 ($string) of type string is deprecated in /Users/nik/Sites/dbwebb-kurser/design/me/portfolio/vendor/symfony/yaml/Inline.php on line 49
[05-Nov-2024 10:18:33 Europe/Stockholm] PHP Deprecated:  strpos(): Passing null to parameter #1 ($haystack) of type string is deprecated in /Users/nik/Sites/dbwebb-kurser/design/me/portfolio/vendor/symfony/yaml/Parser.php on line 538
[05-Nov-2024 10:18:33 Europe/Stockholm] PHP Deprecated:  trim(): Passing null to parameter #1 ($string) of type string is deprecated in /Users/nik/Sites/dbwebb-kurser/design/me/portfolio/vendor/symfony/yaml/Inline.php on line 49
[05-Nov-2024 10:18:33 Europe/Stockholm] PHP Deprecated:  strpos(): Passing null to parameter #1 ($haystack) of type string is deprecated in /Users/nik/Sites/dbwebb-kurser/design/me/portfolio/vendor/symfony/yaml/Parser.php on line 538
[05-Nov-2024 10:18:33 Europe/Stockholm] PHP Deprecated:  trim(): Passing null to parameter #1 ($string) of type string is deprecated in /Users/nik/Sites/dbwebb-kurser/design/me/portfolio/vendor/symfony/yaml/Inline.php on line 49
[05-Nov-2024 10:18:33 Europe/Stockholm] PHP Deprecated:  strpos(): Passing null to parameter #1 ($haystack) of type string is deprecated in /Users/nik/Sites/dbwebb-kurser/design/me/portfolio/vendor/symfony/yaml/Parser.php on line 538
[05-Nov-2024 10:18:33 Europe/Stockholm] PHP Deprecated:  trim(): Passing null to parameter #1 ($string) of type string is deprecated in /Users/nik/Sites/dbwebb-kurser/design/me/portfolio/vendor/symfony/yaml/Inline.php on line 49
[05-Nov-2024 10:18:33 Europe/Stockholm] PHP Deprecated:  strpos(): Passing null to parameter #1 ($haystack) of type string is deprecated in /Users/nik/Sites/dbwebb-kurser/design/me/portfolio/vendor/symfony/yaml/Parser.php on line 538
[05-Nov-2024 10:18:33 Europe/Stockholm] PHP Deprecated:  trim(): Passing null to parameter #1 ($string) of type string is deprecated in /Users/nik/Sites/dbwebb-kurser/design/me/portfolio/vendor/symfony/yaml/Inline.php on line 49
[05-Nov-2024 10:18:33 Europe/Stockholm] PHP Deprecated:  strpos(): Passing null to parameter #1 ($haystack) of type string is deprecated in /Users/nik/Sites/dbwebb-kurser/design/me/portfolio/vendor/symfony/yaml/Parser.php on line 538
[05-Nov-2024 10:18:33 Europe/Stockholm] PHP Deprecated:  trim(): Passing null to parameter #1 ($string) of type string is deprecated in /Users/nik/Sites/dbwebb-kurser/design/me/portfolio/vendor/symfony/yaml/Inline.php on line 49
[05-Nov-2024 10:18:33 Europe/Stockholm] PHP Deprecated:  Return type of Twig\Markup::count() should either be compatible with Countable::count(): int, or the #[\ReturnTypeWillChange] attribute should be used to temporarily suppress the notice in /Users/nik/Sites/dbwebb-kurser/design/me/portfolio/vendor/twig/twig/src/Markup.php on line 38
[05-Nov-2024 10:18:33 Europe/Stockholm] PHP Deprecated:  Return type of Twig\Node\Node::count() should either be compatible with Countable::count(): int, or the #[\ReturnTypeWillChange] attribute should be used to temporarily suppress the notice in /Users/nik/Sites/dbwebb-kurser/design/me/portfolio/vendor/twig/twig/src/Node/Node.php on line 213
[05-Nov-2024 10:18:33 Europe/Stockholm] PHP Deprecated:  Return type of Twig\Node\Node::getIterator() should either be compatible with IteratorAggregate::getIterator(): Traversable, or the #[\ReturnTypeWillChange] attribute should be used to temporarily suppress the notice in /Users/nik/Sites/dbwebb-kurser/design/me/portfolio/vendor/twig/twig/src/Node/Node.php on line 221
[05-Nov-2024 10:19:00 Europe/Stockholm] PHP Deprecated:  trim(): Passing null to parameter #1 ($string) of type string is deprecated in /Users/nik/Sites/dbwebb-kurser/design/me/portfolio/vendor/symfony/yaml/Inline.php on line 49
[05-Nov-2024 10:19:00 Europe/Stockholm] PHP Deprecated:  strpos(): Passing null to parameter #1 ($haystack) of type string is deprecated in /Users/nik/Sites/dbwebb-kurser/design/me/portfolio/vendor/symfony/yaml/Parser.php on line 538
[05-Nov-2024 10:19:00 Europe/Stockholm] PHP Deprecated:  trim(): Passing null to parameter #1 ($string) of type string is deprecated in /Users/nik/Sites/dbwebb-kurser/design/me/portfolio/vendor/symfony/yaml/Inline.php on line 49
[05-Nov-2024 10:19:00 Europe/Stockholm] PHP Deprecated:  strpos(): Passing null to parameter #1 ($haystack) of type string is deprecated in /Users/nik/Sites/dbwebb-kurser/design/me/portfolio/vendor/symfony/yaml/Parser.php on line 538
[05-Nov-2024 10:19:00 Europe/Stockholm] PHP Deprecated:  trim(): Passing null to parameter #1 ($string) of type string is deprecated in /Users/nik/Sites/dbwebb-kurser/design/me/portfolio/vendor/symfony/yaml/Inline.php on line 49
[05-Nov-2024 10:19:00 Europe/Stockholm] PHP Deprecated:  strpos(): Passing null to parameter #1 ($haystack) of type string is deprecated in /Users/nik/Sites/dbwebb-kurser/design/me/portfolio/vendor/symfony/yaml/Parser.php on line 538
[05-Nov-2024 10:19:00 Europe/Stockholm] PHP Deprecated:  trim(): Passing null to parameter #1 ($string) of type string is deprecated in /Users/nik/Sites/dbwebb-kurser/design/me/portfolio/vendor/symfony/yaml/Inline.php on line 49
[05-Nov-2024 10:19:00 Europe/Stockholm] PHP Deprecated:  strpos(): Passing null to parameter #1 ($haystack) of type string is deprecated in /Users/nik/Sites/dbwebb-kurser/design/me/portfolio/vendor/symfony/yaml/Parser.php on line 538
[05-Nov-2024 10:19:00 Europe/Stockholm] PHP Deprecated:  trim(): Passing null to parameter #1 ($string) of type string is deprecated in /Users/nik/Sites/dbwebb-kurser/design/me/portfolio/vendor/symfony/yaml/Inline.php on line 49
[05-Nov-2024 10:19:00 Europe/Stockholm] PHP Deprecated:  strpos(): Passing null to parameter #1 ($haystack) of type string is deprecated in /Users/nik/Sites/dbwebb-kurser/design/me/portfolio/vendor/symfony/yaml/Parser.php on line 538
[05-Nov-2024 10:19:00 Europe/Stockholm] PHP Deprecated:  trim(): Passing null to parameter #1 ($string) of type string is deprecated in /Users/nik/Sites/dbwebb-kurser/design/me/portfolio/vendor/symfony/yaml/Inline.php on line 49
[05-Nov-2024 10:19:00 Europe/Stockholm] PHP Deprecated:  strpos(): Passing null to parameter #1 ($haystack) of type string is deprecated in /Users/nik/Sites/dbwebb-kurser/design/me/portfolio/vendor/symfony/yaml/Parser.php on line 538
[05-Nov-2024 10:19:00 Europe/Stockholm] PHP Deprecated:  trim(): Passing null to parameter #1 ($string) of type string is deprecated in /Users/nik/Sites/dbwebb-kurser/design/me/portfolio/vendor/symfony/yaml/Inline.php on line 49
[05-Nov-2024 10:19:00 Europe/Stockholm] PHP Deprecated:  strpos(): Passing null to parameter #1 ($haystack) of type string is deprecated in /Users/nik/Sites/dbwebb-kurser/design/me/portfolio/vendor/symfony/yaml/Parser.php on line 538
[05-Nov-2024 10:19:00 Europe/Stockholm] PHP Deprecated:  trim(): Passing null to parameter #1 ($string) of type string is deprecated in /Users/nik/Sites/dbwebb-kurser/design/me/portfolio/vendor/symfony/yaml/Inline.php on line 49
[05-Nov-2024 10:19:00 Europe/Stockholm] PHP Deprecated:  strpos(): Passing null to parameter #1 ($haystack) of type string is deprecated in /Users/nik/Sites/dbwebb-kurser/design/me/portfolio/vendor/symfony/yaml/Parser.php on line 538
[05-Nov-2024 10:19:00 Europe/Stockholm] PHP Deprecated:  trim(): Passing null to parameter #1 ($string) of type string is deprecated in /Users/nik/Sites/dbwebb-kurser/design/me/portfolio/vendor/symfony/yaml/Inline.php on line 49
[05-Nov-2024 10:19:00 Europe/Stockholm] PHP Deprecated:  Return type of Twig\Markup::count() should either be compatible with Countable::count(): int, or the #[\ReturnTypeWillChange] attribute should be used to temporarily suppress the notice in /Users/nik/Sites/dbwebb-kurser/design/me/portfolio/vendor/twig/twig/src/Markup.php on line 38
[05-Nov-2024 10:19:00 Europe/Stockholm] PHP Deprecated:  Return type of Twig\Node\Node::count() should either be compatible with Countable::count(): int, or the #[\ReturnTypeWillChange] attribute should be used to temporarily suppress the notice in /Users/nik/Sites/dbwebb-kurser/design/me/portfolio/vendor/twig/twig/src/Node/Node.php on line 213
[05-Nov-2024 10:19:00 Europe/Stockholm] PHP Deprecated:  Return type of Twig\Node\Node::getIterator() should either be compatible with IteratorAggregate::getIterator(): Traversable, or the #[\ReturnTypeWillChange] attribute should be used to temporarily suppress the notice in /Users/nik/Sites/dbwebb-kurser/design/me/portfolio/vendor/twig/twig/src/Node/Node.php on line 221
[05-Nov-2024 10:21:49 Europe/Stockholm] PHP Deprecated:  trim(): Passing null to parameter #1 ($string) of type string is deprecated in /Users/nik/Sites/dbwebb-kurser/design/me/portfolio/vendor/symfony/yaml/Inline.php on line 49
[05-Nov-2024 10:21:49 Europe/Stockholm] PHP Deprecated:  strpos(): Passing null to parameter #1 ($haystack) of type string is deprecated in /Users/nik/Sites/dbwebb-kurser/design/me/portfolio/vendor/symfony/yaml/Parser.php on line 538
[05-Nov-2024 10:21:49 Europe/Stockholm] PHP Deprecated:  trim(): Passing null to parameter #1 ($string) of type string is deprecated in /Users/nik/Sites/dbwebb-kurser/design/me/portfolio/vendor/symfony/yaml/Inline.php on line 49
[05-Nov-2024 10:21:49 Europe/Stockholm] PHP Deprecated:  strpos(): Passing null to parameter #1 ($haystack) of type string is deprecated in /Users/nik/Sites/dbwebb-kurser/design/me/portfolio/vendor/symfony/yaml/Parser.php on line 538
[05-Nov-2024 10:21:49 Europe/Stockholm] PHP Deprecated:  trim(): Passing null to parameter #1 ($string) of type string is deprecated in /Users/nik/Sites/dbwebb-kurser/design/me/portfolio/vendor/symfony/yaml/Inline.php on line 49
[05-Nov-2024 10:21:49 Europe/Stockholm] PHP Deprecated:  strpos(): Passing null to parameter #1 ($haystack) of type string is deprecated in /Users/nik/Sites/dbwebb-kurser/design/me/portfolio/vendor/symfony/yaml/Parser.php on line 538
[05-Nov-2024 10:21:49 Europe/Stockholm] PHP Deprecated:  trim(): Passing null to parameter #1 ($string) of type string is deprecated in /Users/nik/Sites/dbwebb-kurser/design/me/portfolio/vendor/symfony/yaml/Inline.php on line 49
[05-Nov-2024 10:21:49 Europe/Stockholm] PHP Deprecated:  strpos(): Passing null to parameter #1 ($haystack) of type string is deprecated in /Users/nik/Sites/dbwebb-kurser/design/me/portfolio/vendor/symfony/yaml/Parser.php on line 538
[05-Nov-2024 10:21:49 Europe/Stockholm] PHP Deprecated:  trim(): Passing null to parameter #1 ($string) of type string is deprecated in /Users/nik/Sites/dbwebb-kurser/design/me/portfolio/vendor/symfony/yaml/Inline.php on line 49
[05-Nov-2024 10:21:49 Europe/Stockholm] PHP Deprecated:  strpos(): Passing null to parameter #1 ($haystack) of type string is deprecated in /Users/nik/Sites/dbwebb-kurser/design/me/portfolio/vendor/symfony/yaml/Parser.php on line 538
[05-Nov-2024 10:21:49 Europe/Stockholm] PHP Deprecated:  trim(): Passing null to parameter #1 ($string) of type string is deprecated in /Users/nik/Sites/dbwebb-kurser/design/me/portfolio/vendor/symfony/yaml/Inline.php on line 49
[05-Nov-2024 10:21:49 Europe/Stockholm] PHP Deprecated:  strpos(): Passing null to parameter #1 ($haystack) of type string is deprecated in /Users/nik/Sites/dbwebb-kurser/design/me/portfolio/vendor/symfony/yaml/Parser.php on line 538
[05-Nov-2024 10:21:49 Europe/Stockholm] PHP Deprecated:  trim(): Passing null to parameter #1 ($string) of type string is deprecated in /Users/nik/Sites/dbwebb-kurser/design/me/portfolio/vendor/symfony/yaml/Inline.php on line 49
[05-Nov-2024 10:21:49 Europe/Stockholm] PHP Deprecated:  strpos(): Passing null to parameter #1 ($haystack) of type string is deprecated in /Users/nik/Sites/dbwebb-kurser/design/me/portfolio/vendor/symfony/yaml/Parser.php on line 538
[05-Nov-2024 10:21:49 Europe/Stockholm] PHP Deprecated:  trim(): Passing null to parameter #1 ($string) of type string is deprecated in /Users/nik/Sites/dbwebb-kurser/design/me/portfolio/vendor/symfony/yaml/Inline.php on line 49
[05-Nov-2024 10:21:49 Europe/Stockholm] PHP Deprecated:  strpos(): Passing null to parameter #1 ($haystack) of type string is deprecated in /Users/nik/Sites/dbwebb-kurser/design/me/portfolio/vendor/symfony/yaml/Parser.php on line 538
[05-Nov-2024 10:21:49 Europe/Stockholm] PHP Deprecated:  trim(): Passing null to parameter #1 ($string) of type string is deprecated in /Users/nik/Sites/dbwebb-kurser/design/me/portfolio/vendor/symfony/yaml/Inline.php on line 49
[05-Nov-2024 10:21:49 Europe/Stockholm] PHP Deprecated:  Return type of Twig\Markup::count() should either be compatible with Countable::count(): int, or the #[\ReturnTypeWillChange] attribute should be used to temporarily suppress the notice in /Users/nik/Sites/dbwebb-kurser/design/me/portfolio/vendor/twig/twig/src/Markup.php on line 38
[05-Nov-2024 10:21:49 Europe/Stockholm] PHP Deprecated:  Return type of Twig\Node\Node::count() should either be compatible with Countable::count(): int, or the #[\ReturnTypeWillChange] attribute should be used to temporarily suppress the notice in /Users/nik/Sites/dbwebb-kurser/design/me/portfolio/vendor/twig/twig/src/Node/Node.php on line 213
[05-Nov-2024 10:21:49 Europe/Stockholm] PHP Deprecated:  Return type of Twig\Node\Node::getIterator() should either be compatible with IteratorAggregate::getIterator(): Traversable, or the #[\ReturnTypeWillChange] attribute should be used to temporarily suppress the notice in /Users/nik/Sites/dbwebb-kurser/design/me/portfolio/vendor/twig/twig/src/Node/Node.php on line 221
